Build started 22/10/2014 21:35:19.
     1>Project "C:\Users\Biolab\GitHub\Cpp-Examples\MinicursoCpp\8_For\8_For.vcxproj" on node 2 (build target(s)).
     1>InitializeBuildStatus:
         Creating "Debug\8_For.unsuccessfulbuild" because "AlwaysCreate" was specified.
       ClCompile:
         C:\Program Files (x86)\Microsoft Visual Studio 10.0\VC\bin\CL.exe /c /ZI /nologo /W3 /WX- /Od /Oy- /D WIN32 /D _DEBUG /D _CONSOLE /D _UNICODE /D UNICODE /Gm /EHsc /RTC1 /MDd /GS /fp:precise /Zc:wchar_t /Zc:forScope /Fo"Debug\\" /Fd"Debug\vc100.pdb" /Gd /TP /analyze- /errorReport:prompt forexample.cpp
         forexample.cpp
     1>c:\users\biolab\github\cpp-examples\minicursocpp\8_for\forexample.cpp(9): warning C4101: 'y' : unreferenced local variable
       Link:
         C:\Program Files (x86)\Microsoft Visual Studio 10.0\VC\bin\link.exe /ERRORREPORT:PROMPT /OUT:"C:\Users\Biolab\GitHub\Cpp-Examples\MinicursoCpp\Debug\8_For.exe" /INCREMENTAL:NO /NOLOGO kernel32.lib user32.lib gdi32.lib winspool.lib comdlg32.lib advapi32.lib shell32.lib ole32.lib oleaut32.lib uuid.lib odbc32.lib odbccp32.lib /MANIFEST /ManifestFile:"Debug\8_For.exe.intermediate.manifest" /MANIFESTUAC:"level='asInvoker' uiAccess='false'" /DEBUG /PDB:"C:\Users\Biolab\GitHub\Cpp-Examples\MinicursoCpp\Debug\8_For.pdb" /SUBSYSTEM:CONSOLE /TLBID:1 /DYNAMICBASE /NXCOMPAT /IMPLIB:"C:\Users\Biolab\GitHub\Cpp-Examples\MinicursoCpp\Debug\8_For.lib" /MACHINE:X86 Debug\forexample.obj
     1>forexample.obj : warning LNK4075: ignoring '/EDITANDCONTINUE' due to '/INCREMENTAL:NO' specification
         8_For.vcxproj -> C:\Users\Biolab\GitHub\Cpp-Examples\MinicursoCpp\Debug\8_For.exe
       Manifest:
         C:\Program Files (x86)\Microsoft SDKs\Windows\v7.0A\bin\mt.exe /nologo /verbose /outputresource:"C:\Users\Biolab\GitHub\Cpp-Examples\MinicursoCpp\Debug\8_For.exe;#1" /manifest Debug\8_For.exe.intermediate.manifest
       FinalizeBuildStatus:
         Deleting file "Debug\8_For.unsuccessfulbuild".
         Touching "Debug\8_For.lastbuildstate".
     1>Done Building Project "C:\Users\Biolab\GitHub\Cpp-Examples\MinicursoCpp\8_For\8_For.vcxproj" (build target(s)).

Build succeeded.

Time Elapsed 00:00:01.96
